0 info it worked if it ends with ok
1 verbose cli [ '/usr/local/bin/node',
1 verbose cli   '/usr/local/bin/npm',
1 verbose cli   'i',
1 verbose cli   'com.digmap.voicerecog' ]
2 info using npm@3.10.7
3 info using node@v6.2.0
4 verbose config Skipping project config: /Users/mac/.npmrc. (matches userconfig)
5 silly loadCurrentTree Starting
6 silly install loadCurrentTree
7 silly install readLocalPackageData
8 silly fetchPackageMetaData com.digmap.voicerecog
9 silly fetchNamedPackageData com.digmap.voicerecog
10 silly mapToRegistry name com.digmap.voicerecog
11 silly mapToRegistry using default registry
12 silly mapToRegistry registry https://registry.npmjs.org/
13 silly mapToRegistry data Result {
13 silly mapToRegistry   raw: 'com.digmap.voicerecog',
13 silly mapToRegistry   scope: null,
13 silly mapToRegistry   escapedName: 'com.digmap.voicerecog',
13 silly mapToRegistry   name: 'com.digmap.voicerecog',
13 silly mapToRegistry   rawSpec: '',
13 silly mapToRegistry   spec: 'latest',
13 silly mapToRegistry   type: 'tag' }
14 silly mapToRegistry uri https://registry.npmjs.org/com.digmap.voicerecog
15 verbose request uri https://registry.npmjs.org/com.digmap.voicerecog
16 verbose request no auth needed
17 info attempt registry request try #1 at 8:42:21 PM
18 verbose request id fa00be7492afb938
19 verbose etag "BPPY6V1360RE8PWDB6U1AVPI"
20 http request GET https://registry.npmjs.org/com.digmap.voicerecog
21 http 304 https://registry.npmjs.org/com.digmap.voicerecog
22 verbose headers { date: 'Sun, 18 Sep 2016 18:42:23 GMT',
22 verbose headers   via: '1.1 varnish',
22 verbose headers   'cache-control': 'max-age=300',
22 verbose headers   etag: '"BPPY6V1360RE8PWDB6U1AVPI"',
22 verbose headers   age: '0',
22 verbose headers   connection: 'keep-alive',
22 verbose headers   'x-served-by': 'cache-lcy1126-LCY',
22 verbose headers   'x-cache': 'MISS',
22 verbose headers   'x-cache-hits': '0',
22 verbose headers   'x-timer': 'S1474224143.431237,VS0,VE611',
22 verbose headers   vary: 'Accept-Encoding' }
23 silly get cb [ 304,
23 silly get   { date: 'Sun, 18 Sep 2016 18:42:23 GMT',
23 silly get     via: '1.1 varnish',
23 silly get     'cache-control': 'max-age=300',
23 silly get     etag: '"BPPY6V1360RE8PWDB6U1AVPI"',
23 silly get     age: '0',
23 silly get     connection: 'keep-alive',
23 silly get     'x-served-by': 'cache-lcy1126-LCY',
23 silly get     'x-cache': 'MISS',
23 silly get     'x-cache-hits': '0',
23 silly get     'x-timer': 'S1474224143.431237,VS0,VE611',
23 silly get     vary: 'Accept-Encoding' } ]
24 verbose etag https://registry.npmjs.org/com.digmap.voicerecog from cache
25 verbose get saving com.digmap.voicerecog to /Users/mac/.npm/registry.npmjs.org/com.digmap.voicerecog/.cache.json
26 verbose correctMkdir /Users/mac/.npm correctMkdir not in flight; initializing
27 silly install normalizeTree
28 silly loadCurrentTree Finishing
29 silly loadIdealTree Starting
30 silly install loadIdealTree
31 silly cloneCurrentTree Starting
32 silly install cloneCurrentTreeToIdealTree
33 silly cloneCurrentTree Finishing
34 silly loadShrinkwrap Starting
35 silly install loadShrinkwrap
36 silly loadShrinkwrap Finishing
37 silly loadAllDepsIntoIdealTree Starting
38 silly install loadAllDepsIntoIdealTree
39 silly resolveWithNewModule com.digmap.voicerecog@0.4.0 checking installable status
40 silly cache add args [ 'com.digmap.voicerecog', null ]
41 verbose cache add spec com.digmap.voicerecog
42 silly cache add parsed spec Result {
42 silly cache add   raw: 'com.digmap.voicerecog',
42 silly cache add   scope: null,
42 silly cache add   escapedName: 'com.digmap.voicerecog',
42 silly cache add   name: 'com.digmap.voicerecog',
42 silly cache add   rawSpec: '',
42 silly cache add   spec: 'latest',
42 silly cache add   type: 'tag' }
43 silly addNamed com.digmap.voicerecog@latest
44 verbose addNamed "latest" is being treated as a dist-tag for com.digmap.voicerecog
45 info addNameTag [ 'com.digmap.voicerecog', 'latest' ]
46 silly mapToRegistry name com.digmap.voicerecog
47 silly mapToRegistry using default registry
48 silly mapToRegistry registry https://registry.npmjs.org/
49 silly mapToRegistry data Result {
49 silly mapToRegistry   raw: 'com.digmap.voicerecog',
49 silly mapToRegistry   scope: null,
49 silly mapToRegistry   escapedName: 'com.digmap.voicerecog',
49 silly mapToRegistry   name: 'com.digmap.voicerecog',
49 silly mapToRegistry   rawSpec: '',
49 silly mapToRegistry   spec: 'latest',
49 silly mapToRegistry   type: 'tag' }
50 silly mapToRegistry uri https://registry.npmjs.org/com.digmap.voicerecog
51 verbose addNameTag registry:https://registry.npmjs.org/com.digmap.voicerecog not in flight; fetching
52 verbose get https://registry.npmjs.org/com.digmap.voicerecog not expired, no request
53 silly addNameTag next cb for com.digmap.voicerecog with tag latest
54 silly addNamed com.digmap.voicerecog@0.4.0
55 verbose addNamed "0.4.0" is a plain semver version for com.digmap.voicerecog
56 silly mapToRegistry name com.digmap.voicerecog
57 silly mapToRegistry using default registry
58 silly mapToRegistry registry https://registry.npmjs.org/
59 silly mapToRegistry data Result {
59 silly mapToRegistry   raw: 'com.digmap.voicerecog',
59 silly mapToRegistry   scope: null,
59 silly mapToRegistry   escapedName: 'com.digmap.voicerecog',
59 silly mapToRegistry   name: 'com.digmap.voicerecog',
59 silly mapToRegistry   rawSpec: '',
59 silly mapToRegistry   spec: 'latest',
59 silly mapToRegistry   type: 'tag' }
60 silly mapToRegistry uri https://registry.npmjs.org/com.digmap.voicerecog
61 verbose addRemoteTarball https://registry.npmjs.org/com.digmap.voicerecog/-/com.digmap.voicerecog-0.4.0.tgz not in flight; adding
62 verbose addRemoteTarball [ 'https://registry.npmjs.org/com.digmap.voicerecog/-/com.digmap.voicerecog-0.4.0.tgz',
62 verbose addRemoteTarball   '009442fc03dcf45021c0dcb1abb041d11f64fe2f' ]
63 info retry fetch attempt 1 at 8:42:24 PM
64 info attempt registry request try #1 at 8:42:24 PM
65 http fetch GET https://registry.npmjs.org/com.digmap.voicerecog/-/com.digmap.voicerecog-0.4.0.tgz
66 http fetch 200 https://registry.npmjs.org/com.digmap.voicerecog/-/com.digmap.voicerecog-0.4.0.tgz
67 silly fetchAndShaCheck shasum 009442fc03dcf45021c0dcb1abb041d11f64fe2f
68 verbose addTmpTarball /var/folders/yf/5thlh2js1yg1brhf67f17q6w0000gn/T/npm-578-952e3d80/registry.npmjs.org/com.digmap.voicerecog/-/com.digmap.voicerecog-0.4.0.tgz not in flight; adding
69 verbose addTmpTarball already have metadata; skipping unpack for com.digmap.voicerecog@0.4.0
70 verbose correctMkdir /Users/mac/.npm correctMkdir not in flight; initializing
71 silly cache afterAdd com.digmap.voicerecog@0.4.0
72 verbose afterAdd /Users/mac/.npm/com.digmap.voicerecog/0.4.0/package/package.json not in flight; writing
73 verbose correctMkdir /Users/mac/.npm correctMkdir not in flight; initializing
74 verbose afterAdd /Users/mac/.npm/com.digmap.voicerecog/0.4.0/package/package.json written
75 silly loadAllDepsIntoIdealTree Finishing
76 silly loadIdealTree Finishing
77 silly currentTree mac
77 silly currentTree ├── cordova-plugin-tts@0.2.3
77 silly currentTree └── speech-recognition-android@0.0.1
78 silly idealTree mac
78 silly idealTree ├── com.digmap.voicerecog@0.4.0
78 silly idealTree ├── cordova-plugin-tts@0.2.3
78 silly idealTree └── speech-recognition-android@0.0.1
79 silly generateActionsToTake Starting
80 silly install generateActionsToTake
81 warn checkPermissions Missing write access to /Users/mac/node_modules
82 silly rollbackFailedOptional Starting
83 silly rollbackFailedOptional Finishing
84 silly runTopLevelLifecycles Finishing
85 silly install printInstalled
86 warn enoent ENOENT: no such file or directory, open '/Users/mac/package.json'
87 warn mac No description
88 warn mac No repository field.
89 warn mac No README data
90 warn mac No license field.
91 verbose stack Error: EACCES: permission denied, access '/Users/mac/node_modules'
91 verbose stack     at Error (native)
92 verbose cwd /Users/mac/Apps/leap
93 error Darwin 15.6.0
94 error argv "/usr/local/bin/node" "/usr/local/bin/npm" "i" "com.digmap.voicerecog"
95 error node v6.2.0
96 error npm  v3.10.7
97 error path /Users/mac/node_modules
98 error code EACCES
99 error errno -13
100 error syscall access
101 error Error: EACCES: permission denied, access '/Users/mac/node_modules'
101 error     at Error (native)
101 error  { Error: EACCES: permission denied, access '/Users/mac/node_modules'
101 error     at Error (native)
101 error   errno: -13,
101 error   code: 'EACCES',
101 error   syscall: 'access',
101 error   path: '/Users/mac/node_modules' }
102 error Please try running this command again as root/Administrator.
103 verbose exit [ -13, true ]
